<?xml version="1.0" encoding="UTF-8"?>
<!-- Generated by org.testng.reporters.JUnitReportReporter -->
<testsuite hostname="BLR2-1800101023" name="com.CreateUser" tests="3" failures="0" timestamp="3 Sep 2020 10:49:22 GMT" time="8.200" errors="0">
  <testcase name="Test01" time="1.734" classname="com.CreateUser"/>
  <testcase name="Test01" time="4.828" classname="com.CreateUser"/>
  <testcase name="Test01" time="1.638" classname="com.CreateUser"/>
</testsuite> <!-- com.CreateUser -->
